{ Using PSTWRITER 16.6.0 d001Jul-23-2019 at 13:01:41 }

#1 WARNING(ORCAP-36042): Pin "G" is renamed to "G#2" as visible power pin of same name already exists in Package IPX , J4: SCHEMATIC1, LORA (29.30, 3.67).
#2 WARNING(ORCAP-36042): Pin "G" is renamed to "G#3" as visible power pin of same name already exists in Package IPX , J4: SCHEMATIC1, LORA (29.30, 3.67).
#3 WARNING(ORCAP-36042): Pin "s3" is renamed to "S3#3" as visible power pin of same name already exists in Package tp_3 , T1: SCHEMATIC1, RM3100 (5.24, 2.06).
#4 WARNING(ORCAP-36042): Pin "s3" is renamed to "S3#2" as visible power pin of same name already exists in Package tp_3 , T1: SCHEMATIC1, RM3100 (5.24, 2.06).
#5 WARNING(ORCAP-36042): Pin "RES" is renamed to "RES#2" as visible power pin of same name already exists in Package 13156_0 , U1: SCHEMATIC1, RM3100 (6.36, 2.71).
#6 WARNING(ORCAP-36042): Pin "DVDD" is renamed to "DVDD#14" as visible power pin of same name already exists in Package 13156_0 , U1: SCHEMATIC1, RM3100 (6.36, 2.71).
#7 WARNING(ORCAP-36042): Pin "RES" is renamed to "RES#20" as visible power pin of same name already exists in Package 13156_0 , U1: SCHEMATIC1, RM3100 (6.36, 2.71).
#8 WARNING(ORCAP-36042): Pin "DVDD" is renamed to "DVDD#26" as visible power pin of same name already exists in Package 13156_0 , U1: SCHEMATIC1, RM3100 (6.36, 2.71).
#9 WARNING(ORCAP-36006): Part Name "STM32L433VCT6_LQFP-100_STM32L433VCT6" is renamed to "STM32L433VCT6_LQFP-100_STM32L43".
#10 WARNING(ORCAP-36042): Pin "VSS" is renamed to "VSS#10" as visible power pin of same name already exists in Package STM32L433VCT6 , U11: SCHEMATIC1, CPU (5.28, 1.81).
#11 WARNING(ORCAP-36042): Pin "VDD" is renamed to "VDD#11" as visible power pin of same name already exists in Package STM32L433VCT6 , U11: SCHEMATIC1, CPU (5.28, 1.81).
#12 WARNING(ORCAP-36042): Pin "VSS" is renamed to "VSS#74" as visible power pin of same name already exists in Package STM32L433VCT6 , U11: SCHEMATIC1, CPU (5.28, 1.81).
#13 WARNING(ORCAP-36042): Pin "VDD" is renamed to "VDD#75" as visible power pin of same name already exists in Package STM32L433VCT6 , U11: SCHEMATIC1, CPU (5.28, 1.81).
#14 WARNING(ORCAP-36042): Pin "VSS" is renamed to "VSS#99" as visible power pin of same name already exists in Package STM32L433VCT6 , U11: SCHEMATIC1, CPU (5.28, 1.81).
#15 WARNING(ORCAP-36042): Pin "VDD" is renamed to "VDD#100" as visible power pin of same name already exists in Package STM32L433VCT6 , U11: SCHEMATIC1, CPU (5.28, 1.81).
#16 WARNING(ORCAP-36042): Pin "VSS" is renamed to "VSS#27" as visible power pin of same name already exists in Package STM32L433VCT6 , U11: SCHEMATIC1, CPU (5.28, 1.81).
#17 WARNING(ORCAP-36042): Pin "VDD" is renamed to "VDD#28" as visible power pin of same name already exists in Package STM32L433VCT6 , U11: SCHEMATIC1, CPU (5.28, 1.81).
#18 WARNING(ORCAP-36042): Pin "VSS" is renamed to "VSS#49" as visible power pin of same name already exists in Package STM32L433VCT6 , U11: SCHEMATIC1, CPU (5.28, 1.81).
#19 WARNING(ORCAP-36042): Pin "VDD" is renamed to "VDD#50" as visible power pin of same name already exists in Package STM32L433VCT6 , U11: SCHEMATIC1, CPU (5.28, 1.81).
#20 WARNING(ORCAP-36006): Part Name "STM8L151G6U6_QFN28_NOLEAD_0_5_STM8L151G6U6" is renamed to "STM8L151G6U6_QFN28_NOLEAD_0_5_S".
#21 WARNING(ORCAP-36042): Pin "GND" is renamed to "GND#15" as visible power pin of same name already exists in Package SX1278 , U2: SCHEMATIC1, LORA (11.63, 4.66).
#22 WARNING(ORCAP-36042): Pin "GND" is renamed to "GND#26" as visible power pin of same name already exists in Package SX1278 , U2: SCHEMATIC1, LORA (11.63, 4.66).
#23 WARNING(ORCAP-36042): Pin "GND" is renamed to "GND#23" as visible power pin of same name already exists in Package SX1278 , U2: SCHEMATIC1, LORA (11.63, 4.66).
#24 WARNING(ORCAP-36042): Pin "GND" is renamed to "GND#1" as visible power pin of same name already exists in Package APC340 , U5: SCHEMATIC1, LORA (20.92, 11.00).
#25 WARNING(ORCAP-36042): Pin "GND" is renamed to "GND#8" as visible power pin of same name already exists in Package APC340 , U5: SCHEMATIC1, LORA (20.92, 11.00).
#26 WARNING(ORCAP-36042): Pin "GND" is renamed to "GND#9" as visible power pin of same name already exists in Package APC340 , U5: SCHEMATIC1, LORA (20.92, 11.00).
#27 WARNING(ORCAP-36006): Part Name "XC6234H331VR_0_SOT23-5_XC6234H331VR-G/TPS780330200DDCT" is renamed to "XC6234H331VR_0_SOT23-5_XC6234H3".
#28 WARNING(ORCAP-36042): Pin "G" is renamed to "G#2" as visible power pin of same name already exists in Package CRY_0 , Y2: SCHEMATIC1, LORA (12.63, 2.23).
#29 WARNING(ORCAP-36042): Pin "G" is renamed to "G#4" as visible power pin of same name already exists in Package CRY_0 , Y2: SCHEMATIC1, LORA (12.63, 2.23).
INFO(ORCAP-36080): Scanning netlist files ...

Loading... F:\PCB\地磁\PCB\NODE\allegro/pstchip.dat

Loading... F:\PCB\地磁\PCB\NODE\allegro/pstchip.dat

Loading... F:\PCB\地磁\PCB\NODE\allegro/pstxprt.dat

Loading... F:\PCB\地磁\PCB\NODE\allegro/pstxnet.dat
packaging the design view...