(---------------------------------------------------------------------)
(                                                                     )
(    Refresh Padstack                                                 )
(                                                                     )
(    Drawing          : MICROUSB-5P.dra                               )
(    Software Version : 16.6-2015S108                                 )
(    Date/Time        : Sat Nov 10 20:19:20 2018                      )
(                                                                     )
(---------------------------------------------------------------------)


Sat Nov 10 20:19:20 2018				Page     1


------ Pad Stack Refresh Options ------

Input design  = 'MICROUSB-5P.dra'
Output design = ''
Reset symbol text and size locations   = 'NO'


------ Library Paths ------
PSMPATH =  F:/footprint/allegro/ 

PADPATH =  F:/footprint/allegro/ 


------ Pad Stack Refresh Messages ------

'HOLE0_5X0_5'  pad stack refresh starting.

     'HOLE0_5X0_5'  pad stack refreshed successfully.
     
'SMD1_5X0_4'  pad stack refresh starting.

     'SMD1_5X0_4'  pad stack refreshed successfully.
     
Completed refreshing all pad stacks successfully.
