(---------------------------------------------------------------------)
(                                                                     )
(    Allegro Netrev Import Logic                                      )
(                                                                     )
(    Drawing          : Receiver.brd                                  )
(    Software Version : 16.6-2015S108                                 )
(    Date/Time        : Mon Jul 29 15:41:30 2019                      )
(                                                                     )
(---------------------------------------------------------------------)


------ Directives ------------

Ripup etch:                  No
Ripup delete first segment:  No
Ripup retain bondwire:       No
Ripup symbols:               Always
Missing symbol has error:    No
DRC update:                  Yes
Schematic directory:         'F:/PCB/RECEIVER/allegro'
Design Directory:            'F:/PCB/RECEIVER'
Old design name:             'F:/PCB/RECEIVER/Receiver.brd'
New design name:             'F:/PCB/RECEIVER/Receiver.brd'

CmdLine: netrev -$ -i F:/PCB/RECEIVER/allegro -y 1 -q netrev_constraint_report.xml F:/PCB/RECEIVER/#Taaaaao50092.tmp

------ Preparing to read pst files ------

Starting to read F:/PCB/RECEIVER/allegro/pstchip.dat 
   Finished reading F:/PCB/RECEIVER/allegro/pstchip.dat (00:00:00.06)
Starting to read F:/PCB/RECEIVER/allegro/pstxprt.dat 
   Finished reading F:/PCB/RECEIVER/allegro/pstxprt.dat (00:00:00.00)
Starting to read F:/PCB/RECEIVER/allegro/pstxnet.dat 
   Finished reading F:/PCB/RECEIVER/allegro/pstxnet.dat (00:00:00.00)

------ Oversights/Warnings/Errors ------


------ Library Paths ------
MODULEPATH =  F:/work/ZM/Frogs/Design/FOOTPRINT/candence/ 

PSMPATH =  F:/work/ZM/Frogs/Design/FOOTPRINT/candence/ 

PADPATH =  F:/work/ZM/Frogs/Design/FOOTPRINT/candence/ 


------ Summary Statistics ------


netrev run on Jul 29 15:41:30 2019
   DESIGN NAME : 'RECEIVER'
   PACKAGING ON Feb 15 2016 19:53:59

   COMPILE 'logic'
   CHECK_PIN_NAMES OFF
   CROSS_REFERENCE OFF
   FEEDBACK OFF
   INCREMENTAL OFF
   INTERFACE_TYPE PHYSICAL
   MAX_ERRORS 500
   MERGE_MINIMUM 5
   NET_NAME_CHARS '#%&()*+-./:=>?@[]^_`|'
   NET_NAME_LENGTH 24
   OVERSIGHTS ON
   REPLACE_CHECK OFF
   SINGLE_NODE_NETS ON
   SPLIT_MINIMUM 0
   SUPPRESS   20
   WARNINGS ON

 No error detected
 No oversight detected
 No warning detected

cpu time      0:02:22
elapsed time  0:00:01

