{ Using PSTWRITER 16.6.0 d001Jul-29-2019 at 15:41:16 }

#1 WARNING(ORCAP-36042): Pin "G" is renamed to "G#2" as visible power pin of same name already exists in Package IPX , J4: SCHEMATIC1, LORA (29.77, 4.88).
#2 WARNING(ORCAP-36042): Pin "G" is renamed to "G#3" as visible power pin of same name already exists in Package IPX , J4: SCHEMATIC1, LORA (29.77, 4.88).
#3 WARNING(ORCAP-36006): Part Name "STM32L431RCT6_0_LQFP-64_STM32L431RCT6" is renamed to "STM32L431RCT6_0_LQFP-64_STM32L4".
#4 WARNING(ORCAP-36042): Pin "VSS" is renamed to "VSS#47" as visible power pin of same name already exists in Package STM32L431rct6_0 , U10: SCHEMATIC1, CPU (8.57, 2.38).
#5 WARNING(ORCAP-36042): Pin "VDD" is renamed to "VDD#48" as visible power pin of same name already exists in Package STM32L431rct6_0 , U10: SCHEMATIC1, CPU (8.57, 2.38).
#6 WARNING(ORCAP-36042): Pin "VSS" is renamed to "VSS#63" as visible power pin of same name already exists in Package STM32L431rct6_0 , U10: SCHEMATIC1, CPU (8.57, 2.38).
#7 WARNING(ORCAP-36042): Pin "VDD" is renamed to "VDD#64" as visible power pin of same name already exists in Package STM32L431rct6_0 , U10: SCHEMATIC1, CPU (8.57, 2.38).
#8 WARNING(ORCAP-36042): Pin "VSS" is renamed to "VSS#18" as visible power pin of same name already exists in Package STM32L431rct6_0 , U10: SCHEMATIC1, CPU (8.57, 2.38).
#9 WARNING(ORCAP-36042): Pin "VDD" is renamed to "VDD#19" as visible power pin of same name already exists in Package STM32L431rct6_0 , U10: SCHEMATIC1, CPU (8.57, 2.38).
#10 WARNING(ORCAP-36042): Pin "VSS" is renamed to "VSS#31" as visible power pin of same name already exists in Package STM32L431rct6_0 , U10: SCHEMATIC1, CPU (8.57, 2.38).
#11 WARNING(ORCAP-36042): Pin "VDD" is renamed to "VDD#32" as visible power pin of same name already exists in Package STM32L431rct6_0 , U10: SCHEMATIC1, CPU (8.57, 2.38).
#12 WARNING(ORCAP-36006): Part Name "STM8L151G6U6_QFN28_NOLEAD_0_5_STM8L151G6U6" is renamed to "STM8L151G6U6_QFN28_NOLEAD_0_5_S".
#13 WARNING(ORCAP-36042): Pin "GND" is renamed to "GND#15" as visible power pin of same name already exists in Package SX1278 , U2: SCHEMATIC1, LORA (12.10, 5.87).
#14 WARNING(ORCAP-36042): Pin "GND" is renamed to "GND#26" as visible power pin of same name already exists in Package SX1278 , U2: SCHEMATIC1, LORA (12.10, 5.87).
#15 WARNING(ORCAP-36042): Pin "GND" is renamed to "GND#23" as visible power pin of same name already exists in Package SX1278 , U2: SCHEMATIC1, LORA (12.10, 5.87).
#16 WARNING(ORCAP-36042): Pin "GND" is renamed to "GND#3" as visible power pin of same name already exists in Package CP2012_8 , U3: SCHEMATIC1, COM_TTL (5.73, 1.64).
#17 WARNING(ORCAP-36042): Pin "GND" is renamed to "GND#29" as visible power pin of same name already exists in Package CP2012_8 , U3: SCHEMATIC1, COM_TTL (5.73, 1.64).
#18 WARNING(ORCAP-36006): Part Name "SIPEX3232EE_SIPEX3232EE_SIPEX3232EE" is renamed to "SIPEX3232EE_SIPEX3232EE_SIPEX32".
#19 WARNING(ORCAP-36042): Pin "GND" is renamed to "GND#1" as visible power pin of same name already exists in Package APC340_0 , U5: SCHEMATIC1, LORA (21.54, 11.63).
#20 WARNING(ORCAP-36042): Pin "GND" is renamed to "GND#8" as visible power pin of same name already exists in Package APC340_0 , U5: SCHEMATIC1, LORA (21.54, 11.63).
#21 WARNING(ORCAP-36042): Pin "GND" is renamed to "GND#9" as visible power pin of same name already exists in Package APC340_0 , U5: SCHEMATIC1, LORA (21.54, 11.63).
#22 WARNING(ORCAP-36006): Part Name "XC6234H331VR_2_SOT-23-5_XC6234H331VR-G/TPS780330200DDCT" is renamed to "XC6234H331VR_2_SOT-23-5_XC6234H".
#23 WARNING(ORCAP-36006): Part Name "DB9_1_DB9_DB9 " is renamed to "DB9_1_DB9_DB9".
#24 WARNING(ORCAP-36042): Pin "G" is renamed to "G#2" as visible power pin of same name already exists in Package CRY_0 , Y2: SCHEMATIC1, LORA (13.10, 3.44).
#25 WARNING(ORCAP-36042): Pin "G" is renamed to "G#4" as visible power pin of same name already exists in Package CRY_0 , Y2: SCHEMATIC1, LORA (13.10, 3.44).
INFO(ORCAP-36080): Scanning netlist files ...

Loading... F:\PCB\RECEIVER\ALLEGRO/pstchip.dat

Loading... F:\PCB\RECEIVER\ALLEGRO/pstchip.dat

Loading... F:\PCB\RECEIVER\ALLEGRO/pstxprt.dat

Loading... F:\PCB\RECEIVER\ALLEGRO/pstxnet.dat
packaging the design view...